<?xml version="1.0" encoding="UTF-8"?>
<!-- Generated by org.testng.reporters.JUnitReportReporter -->
<testsuite skipped="0" hostname="Lenovo-PC" name="LearningTestNG.TestCase1" tests="2" failures="0" timestamp="13 Dec 2018 04:46:59 GMT" time="0.015" errors="0">
  <testcase name="doUserReg" time="0.015" classname="LearningTestNG.TestCase1"/>
  <testcase name="doLogin" time="0.000" classname="LearningTestNG.TestCase1"/>
</testsuite> <!-- LearningTestNG.TestCase1 -->
